<?xml version="1.0" encoding="UTF-8"?>
<!-- Generated by org.testng.reporters.JUnitReportReporter -->
<testsuite hostname="LincolnPC" failures="0" tests="2" name="org.com.coreJava.KillDrivers" time="0.444" errors="0" timestamp="2024-11-21T20:44:55 IST" skipped="0">
  <testcase classname="org.com.coreJava.KillDrivers" name="KillEdge" time="0.213"/>
  <system-out/>
  <testcase classname="org.com.coreJava.KillDrivers" name="KillChromeDriver" time="0.231"/>
  <system-out/>
</testsuite> <!-- org.com.coreJava.KillDrivers -->
