<?xml version="1.0" encoding="UTF-8"?>
<!-- Generated by org.testng.reporters.JUnitReportReporter -->
<testsuite hostname="DESKTOP-G6TDUTT" failures="0" tests="1" name="org.com.tests.Selenium_Version_4" time="0.011" errors="0" timestamp="2024-10-27T14:07:17 IST" skipped="0">
  <testcase classname="org.com.tests.Selenium_Version_4" name="Selenium_Version_4_Test" time="0.011"/>
  <system-out/>
</testsuite> <!-- org.com.tests.Selenium_Version_4 -->
