<?xml version="1.0" encoding="UTF-8"?>
<!-- Generated by org.testng.reporters.JUnitReportReporter -->
<testsuite hostname="LincolnPC" failures="0" tests="1" name="org.com.coreJava.KillChromeDriver" time="0.212" errors="0" timestamp="2024-11-13T21:33:58 IST" skipped="0">
  <testcase classname="org.com.coreJava.KillChromeDriver" name="KillEdge" time="0.212"/>
  <system-out/>
</testsuite> <!-- org.com.coreJava.KillChromeDriver -->
