<?xml version="1.0" encoding="UTF-8"?>
<!-- Generated by org.testng.reporters.JUnitReportReporter -->
<testsuite hostname="LincolnPC" failures="0" tests="1" name="org.com.seleniumTests.Selenium_Version_4_Test" time="17.448" errors="0" timestamp="2025-01-16T21:43:51 IST" skipped="0">
  <testcase classname="org.com.seleniumTests.Selenium_Version_4_Test" name="Selenium_Version_4_Launch" time="17.448"/>
  <system-out/>
</testsuite> <!-- org.com.seleniumTests.Selenium_Version_4_Test -->
